<?xml version="1.0" encoding="UTF-8"?>
<testsuite xmlns:xsi="http://www.w3.org/2001/XMLSchema-instance" xsi:noNamespaceSchemaLocation="https://maven.apache.org/surefire/maven-surefire-plugin/xsd/surefire-test-report-3.0.xsd" version="3.0" name="com.example.hellowebswing.HelloWebSwingApplicationTests" time="4.155" tests="1" errors="0" skipped="0" failures="0">
  <properties>
[...]
</properties>
  <testcase name="contextLoads" classname="com.example.hellowebswing.HelloWebSwingApplicationTests" time="0.821">
    <system-out><![CDATA[04:20:21.752 [main] INFO org.springframework.test.context.support.AnnotationConfigContextLoaderUtils -- Could not detect default configuration classes for test class [com.example.hellowebswing.HelloWebSwingApplicationTests]: HelloWebSwingApplicationTests does not declare any static, non-private, non-final, nested classes annotated with @Configuration.
04:20:21.957 [main] INFO org.springframework.boot.test.context.SpringBootTestContextBootstrapper -- Found @SpringBootConfiguration com.example.hellowebswing.HelloWebSwingApplication for test class com.example.hellowebswing.HelloWebSwingApplicationTests

  .   ____          _            __ _ _
 /\\ / ___'_ __ _ _(_)_ __  __ _ \ \ \ \
( ( )\___ | '_ | '_| | '_ \/ _` | \ \ \ \
 \\/  ___)| |_)| | | | | || (_| |  ) ) ) )
  '  |____| .__|_| |_|_| |_\__, | / / / /
 =========|_|==============|___/=/_/_/_/

 :: Spring Boot ::                (v3.3.5)

2026-05-05T04:20:22.590Z  INFO 7191 --- [           main] c.e.h.HelloWebSwingApplicationTests      : Starting HelloWebSwingApplicationTests using Java 26 with PID 7191 (started by codespace in /workspaces/hello-web-swing-ry)
2026-05-05T04:20:22.593Z  INFO 7191 --- [           main] c.e.h.HelloWebSwingApplicationTests      : No active profile set, falling back to 1 default profile: "default"
2026-05-05T04:20:24.089Z  INFO 7191 --- [           main] o.s.b.a.w.s.WelcomePageHandlerMapping    : Adding welcome page: class path resource [static/index.html]
2026-05-05T04:20:24.856Z  INFO 7191 --- [           main] c.e.h.HelloWebSwingApplicationTests      : Started HelloWebSwingApplicationTests in 2.688 seconds (process running for 4.162)
]]></system-out>
    <system-err><![CDATA[WARNING: A Java agent has been loaded dynamically (/home/codespace/.m2/repository/net/bytebuddy/byte-buddy-agent/1.14.19/byte-buddy-agent-1.14.19.jar)
WARNING: If a serviceability tool is in use, please run with -XX:+EnableDynamicAgentLoading to hide this warning
WARNING: If a serviceability tool is not in use, please run with -Djdk.instrument.traceUsage for more information
WARNING: Dynamic loading of agents will be disallowed by default in a future release
]]></system-err>
  </testcase>
</testsuite>